2024-10-06 17:07:00 [main] INFO  com.example.taskmanager.TaskManagerApplication - Starting TaskManagerApplication using Java 21.0.4 with PID 16252 (C:\Users\oaalili\IdeaProjects\todo-app\target\classes started by OAALILI in C:\Users\oaalili\IdeaProjects\todo-app)
2024-10-06 17:07:00 [main] DEBUG com.example.taskmanager.TaskManagerApplication - Running with Spring Boot v3.1.3, Spring v6.0.11
2024-10-06 17:07:00 [main] INFO  com.example.taskmanager.TaskManagerApplication - No active profile set, falling back to 1 default profile: "default"
2024-10-06 17:07:02 [main] INFO  org.springframework.boot.web.embedded.tomcat.TomcatWebServer - Tomcat initialized with port(s): 8080 (http)
2024-10-06 17:07:02 [main] INFO  org.apache.coyote.http11.Http11NioProtocol - Initializing ProtocolHandler ["http-nio-8080"]
2024-10-06 17:07:02 [main] INFO  org.apache.catalina.core.StandardService - Starting service [Tomcat]
2024-10-06 17:07:02 [main] INFO  org.apache.catalina.core.StandardEngine - Starting Servlet engine: [Apache Tomcat/10.1.12]
2024-10-06 17:07:03 [main] INFO  org.apache.catalina.core.ContainerBase.[Tomcat].[localhost].[/] - Initializing Spring embedded WebApplicationContext
2024-10-06 17:07:03 [main] INFO  org.springframework.boot.web.servlet.context.ServletWebServerApplicationContext - Root WebApplicationContext: initialization completed in 2061 ms
2024-10-06 17:07:03 [main] INFO  org.apache.coyote.http11.Http11NioProtocol - Starting ProtocolHandler ["http-nio-8080"]
2024-10-06 17:07:03 [main] INFO  org.springframework.boot.web.embedded.tomcat.TomcatWebServer - Tomcat started on port(s): 8080 (http) with context path ''
2024-10-06 17:07:03 [main] INFO  com.example.taskmanager.TaskManagerApplication - Started TaskManagerApplication in 3.699 seconds (process running for 5.841)
2024-10-06 17:13:03 [http-nio-8080-exec-1] INFO  org.apache.catalina.core.ContainerBase.[Tomcat].[localhost].[/] - Initializing Spring DispatcherServlet 'dispatcherServlet'
2024-10-06 17:13:03 [http-nio-8080-exec-1] INFO  org.springframework.web.servlet.DispatcherServlet - Initializing Servlet 'dispatcherServlet'
2024-10-06 17:13:03 [http-nio-8080-exec-1] INFO  org.springframework.web.servlet.DispatcherServlet - Completed initialization in 2 ms
2024-10-06 17:13:04 [http-nio-8080-exec-1] INFO  com.example.taskmanager.controller.TaskController - Creating a new task
2024-10-06 17:13:04 [http-nio-8080-exec-1] DEBUG com.example.taskmanager.controller.TaskController - Debug level logging for task creation
2024-10-06 17:13:04 [http-nio-8080-exec-1] ERROR com.example.taskmanager.controller.TaskController - Error while creating a task
2024-10-06 17:21:44 [main] INFO  com.example.taskmanager.TaskManagerApplication - Starting TaskManagerApplication using Java 21.0.4 with PID 6244 (C:\Users\oaalili\IdeaProjects\todo-app\target\classes started by OAALILI in C:\Users\oaalili\IdeaProjects\todo-app)
2024-10-06 17:21:44 [main] DEBUG com.example.taskmanager.TaskManagerApplication - Running with Spring Boot v3.1.3, Spring v6.0.11
2024-10-06 17:21:44 [main] INFO  com.example.taskmanager.TaskManagerApplication - No active profile set, falling back to 1 default profile: "default"
2024-10-06 17:21:46 [main] INFO  org.springframework.boot.web.embedded.tomcat.TomcatWebServer - Tomcat initialized with port(s): 8080 (http)
2024-10-06 17:21:46 [main] INFO  org.apache.coyote.http11.Http11NioProtocol - Initializing ProtocolHandler ["http-nio-8080"]
2024-10-06 17:21:46 [main] INFO  org.apache.catalina.core.StandardService - Starting service [Tomcat]
2024-10-06 17:21:46 [main] INFO  org.apache.catalina.core.StandardEngine - Starting Servlet engine: [Apache Tomcat/10.1.12]
2024-10-06 17:21:46 [main] INFO  org.apache.catalina.core.ContainerBase.[Tomcat].[localhost].[/] - Initializing Spring embedded WebApplicationContext
2024-10-06 17:21:46 [main] INFO  org.springframework.boot.web.servlet.context.ServletWebServerApplicationContext - Root WebApplicationContext: initialization completed in 2105 ms
2024-10-06 17:21:47 [main] INFO  org.apache.coyote.http11.Http11NioProtocol - Starting ProtocolHandler ["http-nio-8080"]
2024-10-06 17:21:47 [main] INFO  org.springframework.boot.web.embedded.tomcat.TomcatWebServer - Tomcat started on port(s): 8080 (http) with context path ''
2024-10-06 17:21:47 [main] INFO  com.example.taskmanager.TaskManagerApplication - Started TaskManagerApplication in 3.795 seconds (process running for 6.357)
2024-10-06 17:21:55 [http-nio-8080-exec-2] INFO  org.apache.catalina.core.ContainerBase.[Tomcat].[localhost].[/] - Initializing Spring DispatcherServlet 'dispatcherServlet'
2024-10-06 17:21:55 [http-nio-8080-exec-2] INFO  org.springframework.web.servlet.DispatcherServlet - Initializing Servlet 'dispatcherServlet'
2024-10-06 17:21:55 [http-nio-8080-exec-2] INFO  org.springframework.web.servlet.DispatcherServlet - Completed initialization in 1 ms
2024-10-06 17:21:55 [http-nio-8080-exec-2] INFO  com.example.taskmanager.controller.TaskController - Creating a new task
2024-10-06 17:22:05 [http-nio-8080-exec-3] INFO  com.example.taskmanager.controller.TaskController - get a task
2024-10-06 17:22:21 [http-nio-8080-exec-4] INFO  com.example.taskmanager.controller.TaskController - Update a task
2024-10-06 17:22:30 [http-nio-8080-exec-5] INFO  com.example.taskmanager.controller.TaskController - delete a task with ID: 1
2024-10-06 17:51:21 [main] INFO  com.example.taskmanager.TaskManagerApplication - Starting TaskManagerApplication using Java 21.0.4 with PID 27872 (C:\Users\oaalili\IdeaProjects\todo-app\target\classes started by OAALILI in C:\Users\oaalili\IdeaProjects\todo-app)
2024-10-06 17:51:21 [main] DEBUG com.example.taskmanager.TaskManagerApplication - Running with Spring Boot v3.1.3, Spring v6.0.11
2024-10-06 17:51:21 [main] INFO  com.example.taskmanager.TaskManagerApplication - No active profile set, falling back to 1 default profile: "default"
2024-10-06 17:51:23 [main] INFO  org.springframework.boot.web.embedded.tomcat.TomcatWebServer - Tomcat initialized with port(s): 8080 (http)
2024-10-06 17:51:23 [main] INFO  org.apache.coyote.http11.Http11NioProtocol - Initializing ProtocolHandler ["http-nio-8080"]
2024-10-06 17:51:23 [main] INFO  org.apache.catalina.core.StandardService - Starting service [Tomcat]
2024-10-06 17:51:23 [main] INFO  org.apache.catalina.core.StandardEngine - Starting Servlet engine: [Apache Tomcat/10.1.12]
2024-10-06 17:51:23 [main] INFO  org.apache.catalina.core.ContainerBase.[Tomcat].[localhost].[/] - Initializing Spring embedded WebApplicationContext
2024-10-06 17:51:23 [main] INFO  org.springframework.boot.web.servlet.context.ServletWebServerApplicationContext - Root WebApplicationContext: initialization completed in 2557 ms
2024-10-06 17:51:24 [main] INFO  org.apache.coyote.http11.Http11NioProtocol - Starting ProtocolHandler ["http-nio-8080"]
2024-10-06 17:51:24 [main] INFO  org.springframework.boot.web.embedded.tomcat.TomcatWebServer - Tomcat started on port(s): 8080 (http) with context path ''
2024-10-06 17:51:24 [main] INFO  com.example.taskmanager.TaskManagerApplication - Started TaskManagerApplication in 4.48 seconds (process running for 7.013)
2024-10-06 17:51:52 [http-nio-8080-exec-2] INFO  org.apache.catalina.core.ContainerBase.[Tomcat].[localhost].[/] - Initializing Spring DispatcherServlet 'dispatcherServlet'
2024-10-06 17:51:52 [http-nio-8080-exec-2] INFO  org.springframework.web.servlet.DispatcherServlet - Initializing Servlet 'dispatcherServlet'
2024-10-06 17:51:52 [http-nio-8080-exec-2] INFO  org.springframework.web.servlet.DispatcherServlet - Completed initialization in 2 ms
2024-10-06 17:51:53 [http-nio-8080-exec-2] INFO  com.example.taskmanager.controller.TaskController - Creating a new task: Task(id=0, title=Update, description=Milk, Bread, Eggs, completed=false)
2024-10-06 17:51:53 [http-nio-8080-exec-2] INFO  com.example.taskmanager.service.TaskService - Adding a new task with title: Update
2024-10-06 17:51:53 [http-nio-8080-exec-2] DEBUG com.example.taskmanager.service.TaskService - Current number of tasks: 1
2024-10-06 17:54:02 [http-nio-8080-exec-5] INFO  com.example.taskmanager.service.TaskService - Fetching task with ID: 1
2024-10-06 17:54:02 [http-nio-8080-exec-5] INFO  com.example.taskmanager.controller.TaskController - get a task with ID: 1
2024-10-06 17:54:18 [http-nio-8080-exec-6] INFO  com.example.taskmanager.controller.TaskController - Updating the task with ID:1
2024-10-06 17:54:18 [http-nio-8080-exec-6] INFO  com.example.taskmanager.service.TaskService - Updating task with ID: 1
2024-10-06 17:54:18 [http-nio-8080-exec-6] INFO  com.example.taskmanager.service.TaskService - Fetching task with ID: 1
2024-10-06 17:54:18 [http-nio-8080-exec-6] DEBUG com.example.taskmanager.service.TaskService - Task with ID: 1 updated successfully
2024-10-06 17:54:41 [http-nio-8080-exec-7] INFO  com.example.taskmanager.controller.TaskController - Searching a task with Title: null
2024-10-06 17:54:41 [http-nio-8080-exec-7] INFO  com.example.taskmanager.service.TaskService - Searching task with title: null
2024-10-06 17:55:17 [http-nio-8080-exec-8] INFO  com.example.taskmanager.controller.TaskController - delete a task with ID: 1
2024-10-06 17:55:17 [http-nio-8080-exec-8] INFO  com.example.taskmanager.service.TaskService - Deleting task with ID: 1
